(0000) 3000  0011000000000000 (   9)                 .ORIG x3000
(3000) 2C2C  0010110000101100 (  11) Main            LD    R6 STACKBASE
(3001) 222C  0010001000101100 (  13)                 LD    R1 n
(3002) 1DBF  0001110110111111 (  15)                 ADD   R6 R6 #-1
(3003) 7380  0111001110000000 (  16)                 STR   R1 R6 #0
(3004) 1DBF  0001110110111111 (  18)                 ADD   R6 R6 #-1
(3005) 4803  0100100000000011 (  20)                 JSR   MyFunc
(3006) 6380  0110001110000000 (  23)                 LDR   R1 R6 #0
(3007) 1DA2  0001110110100010 (  25)                 ADD   R6 R6 #2
(3008) F025  1111000000100101 (  27)                 TRAP  x25
(3009) 1DBF  0001110110111111 (  43) MyFunc          ADD   R6 R6 #-1
(300A) 7B80  0111101110000000 (  44)                 STR   R5 R6 #0
(300B) 1BA1  0001101110100001 (  46)                 ADD   R5 R6 #1
(300C) 1DBF  0001110110111111 (  48)                 ADD   R6 R6 #-1
(300D) 7180  0111000110000000 (  49)                 STR   R0 R6 #0
(300E) 1DBF  0001110110111111 (  51)                 ADD   R6 R6 #-1
(300F) 7380  0111001110000000 (  52)                 STR   R1 R6 #0
(3010) 1DBF  0001110110111111 (  55)                 ADD   R6 R6 #-1
(3011) 7580  0111010110000000 (  56)                 STR   R2 R6 #0
(3012) 1DBF  0001110110111111 (  58)                 ADD   R6 R6 #-1
(3013) 7F80  0111111110000000 (  59)                 STR   R7 R6 #0
(3014) 6341  0110001101000001 (  62)                 LDR   R1 R5 #1
(3015) 0202  0000001000000010 (  63)                 BRP   Recurse
(3016) 7340  0111001101000000 (  66) Base            STR   R1 R5 #0
(3017) 0E0A  0000111000001010 (  67)                 BRNZP Done
(3018) 147F  0001010001111111 (  69) Recurse         ADD   R2 R1 #-1
(3019) 1DBF  0001110110111111 (  70)                 ADD   R6 R6 #-1
(301A) 7580  0111010110000000 (  71)                 STR   R2 R6 #0
(301B) 1DBF  0001110110111111 (  72)                 ADD   R6 R6 #-1
(301C) 4FEC  0100111111101100 (  74)                 JSR   MyFunc
(301D) 6180  0110000110000000 (  76)                 LDR   R0 R6 #0
(301E) 1DA2  0001110110100010 (  77)                 ADD   R6 R6 #2
(301F) 1000  0001000000000000 (  78)                 ADD   R0 R0 R0
(3020) 1001  0001000000000001 (  79)                 ADD   R0 R0 R1
(3021) 7140  0111000101000000 (  81)                 STR   R0 R5 #0
(3022) 6F80  0110111110000000 (  85) Done            LDR   R7 R6 #0
(3023) 1DA1  0001110110100001 (  86)                 ADD   R6 R6 #1
(3024) 6580  0110010110000000 (  88)                 LDR   R2 R6 #0
(3025) 1DA1  0001110110100001 (  89)                 ADD   R6 R6 #1
(3026) 6380  0110001110000000 (  91)                 LDR   R1 R6 #0
(3027) 1DA1  0001110110100001 (  92)                 ADD   R6 R6 #1
(3028) 6180  0110000110000000 (  94)                 LDR   R0 R6 #0
(3029) 1DA1  0001110110100001 (  95)                 ADD   R6 R6 #1
(302A) 6B80  0110101110000000 (  97)                 LDR   R5 R6 #0
(302B) 1DA1  0001110110100001 (  98)                 ADD   R6 R6 #1
(302C) C1C0  1100000111000000 (  99)                 RET   
(302D) 4000  0100000000000000 ( 105) STACKBASE       .FILL x4000
(302E) 0005  0000000000000101 ( 106) n               .FILL x0005
